  Object.cpp
D:\Projects\CPP\imjtool\imjtool\Editor.h(25,17): warning C4244: '=': conversion from 'float' to 'int', possible loss of data
D:\Projects\CPP\imjtool\imjtool\Object.cpp(32,16): warning C4244: 'argument': conversion from 'float' to 'int', possible loss of data
D:\Projects\CPP\imjtool\imjtool\Object.cpp(38,20): warning C4244: 'argument': conversion from 'float' to 'int', possible loss of data
D:\Projects\CPP\imjtool\imjtool\Object.cpp(73,11): warning C4244: 'initializing': conversion from 'float' to 'int', possible loss of data
D:\Projects\CPP\imjtool\imjtool\Object.cpp(74,11): warning C4244: 'initializing': conversion from 'float' to 'int', possible loss of data
D:\Projects\CPP\imjtool\imjtool\Object.cpp(75,11): warning C4244: 'initializing': conversion from 'float' to 'int', possible loss of data
D:\Projects\CPP\imjtool\imjtool\Object.cpp(76,11): warning C4244: 'initializing': conversion from 'float' to 'int', possible loss of data
D:\Projects\CPP\imjtool\imjtool\Object.cpp(81,27): warning C4244: 'argument': conversion from 'int' to 'float', possible loss of data
D:\Projects\CPP\imjtool\imjtool\Object.cpp(81,23): warning C4244: 'argument': conversion from 'int' to 'float', possible loss of data
D:\Projects\CPP\imjtool\imjtool\Object.cpp(87,27): warning C4244: 'argument': conversion from 'int' to 'float', possible loss of data
D:\Projects\CPP\imjtool\imjtool\Object.cpp(87,23): warning C4244: 'argument': conversion from 'int' to 'float', possible loss of data
D:\Projects\CPP\imjtool\imjtool\Object.cpp(93,14): warning C4244: 'initializing': conversion from 'const _Ty' to 'int', possible loss of data
          with
          [
              _Ty=float
          ]
D:\Projects\CPP\imjtool\imjtool\Object.cpp(94,13): warning C4244: 'initializing': conversion from 'const _Ty' to 'int', possible loss of data
          with
          [
              _Ty=float
          ]
D:\Projects\CPP\imjtool\imjtool\Object.cpp(95,15): warning C4244: 'initializing': conversion from 'const _Ty' to 'int', possible loss of data
          with
          [
              _Ty=float
          ]
D:\Projects\CPP\imjtool\imjtool\Object.cpp(96,16): warning C4244: 'initializing': conversion from 'const _Ty' to 'int', possible loss of data
          with
          [
              _Ty=float
          ]
D:\Projects\CPP\imjtool\imjtool\Object.cpp(107,15): warning C4244: 'initializing': conversion from 'float' to 'int', possible loss of data
D:\Projects\CPP\imjtool\imjtool\Object.cpp(108,15): warning C4244: 'initializing': conversion from 'float' to 'int', possible loss of data
D:\Projects\CPP\imjtool\imjtool\Object.cpp(111,15): warning C4244: 'initializing': conversion from 'float' to 'int', possible loss of data
D:\Projects\CPP\imjtool\imjtool\Object.cpp(112,15): warning C4244: 'initializing': conversion from 'float' to 'int', possible loss of data
D:\Projects\CPP\imjtool\imjtool\Object.cpp(123,27): warning C4244: 'argument': conversion from 'int' to 'float', possible loss of data
D:\Projects\CPP\imjtool\imjtool\Object.cpp(123,23): warning C4244: 'argument': conversion from 'int' to 'float', possible loss of data
D:\Projects\CPP\imjtool\imjtool\Object.cpp(130,27): warning C4244: 'argument': conversion from 'int' to 'float', possible loss of data
D:\Projects\CPP\imjtool\imjtool\Object.cpp(130,23): warning C4244: 'argument': conversion from 'int' to 'float', possible loss of data
D:\Projects\CPP\imjtool\imjtool\Object.cpp(137,14): warning C4244: 'initializing': conversion from 'const _Ty' to 'int', possible loss of data
          with
          [
              _Ty=float
          ]
D:\Projects\CPP\imjtool\imjtool\Object.cpp(138,13): warning C4244: 'initializing': conversion from 'const _Ty' to 'int', possible loss of data
          with
          [
              _Ty=float
          ]
D:\Projects\CPP\imjtool\imjtool\Object.cpp(139,15): warning C4244: 'initializing': conversion from 'const _Ty' to 'int', possible loss of data
          with
          [
              _Ty=float
          ]
D:\Projects\CPP\imjtool\imjtool\Object.cpp(140,16): warning C4244: 'initializing': conversion from 'const _Ty' to 'int', possible loss of data
          with
          [
              _Ty=float
          ]
D:\Projects\CPP\imjtool\imjtool\Object.cpp(151,26): warning C4244: 'argument': conversion from 'int' to 'T', possible loss of data
          with
          [
              T=float
          ]
D:\Projects\CPP\imjtool\imjtool\Object.cpp(151,22): warning C4244: 'argument': conversion from 'int' to 'T', possible loss of data
          with
          [
              T=float
          ]
D:\Projects\CPP\imjtool\imjtool\Object.cpp(154,96): warning C4244: 'argument': conversion from 'T' to 'unsigned int', possible loss of data
          with
          [
              T=float
          ]
D:\Projects\CPP\imjtool\imjtool\Object.cpp(158,96): warning C4244: 'argument': conversion from 'T' to 'unsigned int', possible loss of data
          with
          [
              T=float
          ]
  imjtool.vcxproj -> D:\Projects\CPP\imjtool\Debug\imjtool.exe
