d:\projects\cpp\imjtool\imjtool\debug\vc142.pdb
d:\projects\cpp\imjtool\imjtool\debug\vc142.idb
d:\projects\cpp\imjtool\imjtool\debug\sprite.obj
d:\projects\cpp\imjtool\imjtool\debug\resourcemanager.obj
d:\projects\cpp\imjtool\imjtool\debug\playermanager.obj
d:\projects\cpp\imjtool\imjtool\debug\objectmanager.obj
d:\projects\cpp\imjtool\imjtool\debug\object.obj
d:\projects\cpp\imjtool\imjtool\debug\main.obj
d:\projects\cpp\imjtool\imjtool\debug\inputmanager.obj
d:\projects\cpp\imjtool\imjtool\debug\ingame.obj
d:\projects\cpp\imjtool\imjtool\debug\imgui_widgets.obj
d:\projects\cpp\imjtool\imjtool\debug\imgui_tables.obj
d:\projects\cpp\imjtool\imjtool\debug\imgui_draw.obj
d:\projects\cpp\imjtool\imjtool\debug\imgui_demo.obj
d:\projects\cpp\imjtool\imjtool\debug\imgui.obj
d:\projects\cpp\imjtool\imjtool\debug\imgui-sfml.obj
d:\projects\cpp\imjtool\imjtool\debug\gui.obj
d:\projects\cpp\imjtool\imjtool\debug\game.obj
d:\projects\cpp\imjtool\imjtool\debug\editor.obj
d:\projects\cpp\imjtool\debug\imjtool.exe
d:\projects\cpp\imjtool\imjtool\debug\imjtool.ilk
d:\projects\cpp\imjtool\debug\imjtool.pdb
d:\projects\cpp\imjtool\imjtool\debug\imjtool.tlog\cl.command.1.tlog
d:\projects\cpp\imjtool\imjtool\debug\imjtool.tlog\cl.read.1.tlog
d:\projects\cpp\imjtool\imjtool\debug\imjtool.tlog\cl.write.1.tlog
d:\projects\cpp\imjtool\imjtool\debug\imjtool.tlog\link.command.1.tlog
d:\projects\cpp\imjtool\imjtool\debug\imjtool.tlog\link.read.1.tlog
d:\projects\cpp\imjtool\imjtool\debug\imjtool.tlog\link.write.1.tlog
