C:\Program Files (x86)\Microsoft Visual Studio\2019\Community\MSBuild\Microsoft\VC\v160\Microsoft.CppBuild.targets(499,5): warning MSB8004: Output Directory does not end with a trailing slash.  This build instance will add the slash as it is required to allow proper evaluation of the Output Directory.
  Gui.cpp
D:\Projects\CPP\imjtool\3rdparty\filedialog\portable-file-dialogs.h(1,1): warning C4819: The file contains a character that cannot be represented in the current code page (936). Save the file in Unicode format to prevent data loss
D:\Projects\CPP\imjtool\3rdparty\filedialog\portable-file-dialogs.h(946,1): warning C4819: The file contains a character that cannot be represented in the current code page (936). Save the file in Unicode format to prevent data loss
  MapManager.cpp
D:\Projects\CPP\imjtool\imjtool\MapManager.cpp(142,22): warning C4018: '<': signed/unsigned mismatch
D:\Projects\CPP\imjtool\imjtool\MapManager.cpp(156,24): warning C4244: 'argument': conversion from 'double' to 'unsigned __int64', possible loss of data
D:\Projects\CPP\imjtool\imjtool\MapManager.cpp(193,43): warning C4244: '=': conversion from 'double' to 'float', possible loss of data
D:\Projects\CPP\imjtool\imjtool\MapManager.cpp(197,43): warning C4244: '=': conversion from 'double' to 'float', possible loss of data
D:\Projects\CPP\imjtool\imjtool\MapManager.cpp(201,38): warning C4244: '=': conversion from 'int' to 'float', possible loss of data
D:\Projects\CPP\imjtool\imjtool\MapManager.cpp(205,35): warning C4244: '=': conversion from 'int' to 'float', possible loss of data
D:\Projects\CPP\imjtool\imjtool\MapManager.cpp(217,14): warning C4018: '<': signed/unsigned mismatch
D:\Projects\CPP\imjtool\imjtool\MapManager.cpp(222,24): warning C4244: '=': conversion from 'double' to 'int', possible loss of data
D:\Projects\CPP\imjtool\imjtool\MapManager.cpp(227,44): warning C4244: 'argument': conversion from 'double' to 'int', possible loss of data
D:\Projects\CPP\imjtool\imjtool\MapManager.cpp(229,7): warning C4244: 'argument': conversion from 'double' to 'float', possible loss of data
D:\Projects\CPP\imjtool\imjtool\MapManager.cpp(219,12): warning C4101: 'c': unreferenced local variable
C:\Program Files (x86)\Microsoft Visual Studio\2019\Community\VC\Tools\MSVC\14.29.30133\include\tuple(170,47): warning C4244: 'initializing': conversion from '_Ty' to '_Ty', possible loss of data
          with
          [
              _Ty=float
          ]
          and
          [
              _Ty=int
          ]
C:\Program Files (x86)\Microsoft Visual Studio\2019\Community\VC\Tools\MSVC\14.29.30133\include\tuple(258): message : see reference to function template instantiation 'std::_Tuple_val<_This>::_Tuple_val<_Ty>(_Other &&)' being compiled
          with
          [
              _This=int,
              _Ty=float,
              _Other=float
          ]
C:\Program Files (x86)\Microsoft Visual Studio\2019\Community\VC\Tools\MSVC\14.29.30133\include\tuple(258): message : see reference to function template instantiation 'std::_Tuple_val<_This>::_Tuple_val<_Ty>(_Other &&)' being compiled
          with
          [
              _This=int,
              _Ty=float,
              _Other=float
          ]
C:\Program Files (x86)\Microsoft Visual Studio\2019\Community\VC\Tools\MSVC\14.29.30133\include\tuple(878): message : see reference to function template instantiation 'std::tuple<int,int,int>::tuple<std::_Exact_args_t,float,float,int,0>(_Tag,_This2 &&,float &&,int &&)' being compiled
          with
          [
              _Tag=std::_Exact_args_t,
              _This2=float
          ]
C:\Program Files (x86)\Microsoft Visual Studio\2019\Community\VC\Tools\MSVC\14.29.30133\include\tuple(878): message : see reference to function template instantiation 'std::tuple<int,int,int>::tuple<std::_Exact_args_t,float,float,int,0>(_Tag,_This2 &&,float &&,int &&)' being compiled
          with
          [
              _Tag=std::_Exact_args_t,
              _This2=float
          ]
C:\Program Files (x86)\Microsoft Visual Studio\2019\Community\VC\Tools\MSVC\14.29.30133\include\tuple(265): message : see reference to function template instantiation 'std::tuple<int,int,int>::tuple<std::_Unpack_tuple_t,_Ty,0,1,2,0>(_Tag,_Tpl &&,std::integer_sequence<size_t,0,1,2>)' being compiled
          with
          [
              _Ty=std::tuple<float,float,int>,
              _Tag=std::_Unpack_tuple_t,
              _Tpl=std::tuple<float,float,int>
          ]
C:\Program Files (x86)\Microsoft Visual Studio\2019\Community\VC\Tools\MSVC\14.29.30133\include\tuple(265): message : see reference to function template instantiation 'std::tuple<int,int,int>::tuple<std::_Unpack_tuple_t,_Ty,0,1,2,0>(_Tag,_Tpl &&,std::integer_sequence<size_t,0,1,2>)' being compiled
          with
          [
              _Ty=std::tuple<float,float,int>,
              _Tag=std::_Unpack_tuple_t,
              _Tpl=std::tuple<float,float,int>
          ]
C:\Program Files (x86)\Microsoft Visual Studio\2019\Community\VC\Tools\MSVC\14.29.30133\include\tuple(392): message : see reference to function template instantiation 'std::tuple<int,int,int>::tuple<std::_Unpack_tuple_t,std::tuple<float,float,int>,0>(_Tag,_Tpl &&)' being compiled
          with
          [
              _Tag=std::_Unpack_tuple_t,
              _Tpl=std::tuple<float,float,int>
          ]
C:\Program Files (x86)\Microsoft Visual Studio\2019\Community\VC\Tools\MSVC\14.29.30133\include\tuple(392): message : see reference to function template instantiation 'std::tuple<int,int,int>::tuple<std::_Unpack_tuple_t,std::tuple<float,float,int>,0>(_Tag,_Tpl &&)' being compiled
          with
          [
              _Tag=std::_Unpack_tuple_t,
              _Tpl=std::tuple<float,float,int>
          ]
D:\Projects\CPP\imjtool\imjtool\MapManager.cpp(248): message : see reference to function template instantiation 'std::tuple<int,int,int>::tuple<float,float,int,0>(std::tuple<float,float,int> &&) noexcept' being compiled
D:\Projects\CPP\imjtool\imjtool\MapManager.cpp(248): message : see reference to function template instantiation 'std::tuple<int,int,int>::tuple<float,float,int,0>(std::tuple<float,float,int> &&) noexcept' being compiled
LINK : fatal error LNK1104: cannot open file '..\bin\imjtool.exe'
