d:\projects\cpp\imjtool\imjtool\release\vc142.pdb
d:\projects\cpp\imjtool\imjtool\release\sprite.obj
d:\projects\cpp\imjtool\imjtool\release\resourcemanager.obj
d:\projects\cpp\imjtool\imjtool\release\objectmanager.obj
d:\projects\cpp\imjtool\imjtool\release\object.obj
d:\projects\cpp\imjtool\imjtool\release\main.obj
d:\projects\cpp\imjtool\imjtool\release\inputmanager.obj
d:\projects\cpp\imjtool\imjtool\release\ingame.obj
d:\projects\cpp\imjtool\imjtool\release\imgui_widgets.obj
d:\projects\cpp\imjtool\imjtool\release\imgui_tables.obj
d:\projects\cpp\imjtool\imjtool\release\imgui_draw.obj
d:\projects\cpp\imjtool\imjtool\release\imgui_demo.obj
d:\projects\cpp\imjtool\imjtool\release\imgui.obj
d:\projects\cpp\imjtool\imjtool\release\imgui-sfml.obj
d:\projects\cpp\imjtool\imjtool\release\game.obj
d:\projects\cpp\imjtool\imjtool\release\editor.obj
d:\projects\cpp\imjtool\imjtool\release\playermanager.obj
d:\projects\cpp\imjtool\imjtool\release\gui.obj
d:\projects\cpp\imjtool\imjtool\release\skinmanager.obj
d:\projects\cpp\imjtool\imjtool\release\imgui_stdlib.obj
d:\projects\cpp\imjtool\imjtool\release\mapmanager.obj
d:\projects\cpp\imjtool\imjtool\release\configmanager.obj
d:\projects\cpp\imjtool\bin\imjtool.lib
d:\projects\cpp\imjtool\bin\imjtool.exp
d:\projects\cpp\imjtool\bin\imjtool.exe
d:\projects\cpp\imjtool\imjtool\release\imjtool.iobj
d:\projects\cpp\imjtool\bin\imjtool.pdb
d:\projects\cpp\imjtool\imjtool\release\imjtool.res
d:\projects\cpp\imjtool\imjtool\release\imjtool.ipdb
d:\projects\cpp\imjtool\imjtool\release\imjtool.tlog\cl.command.1.tlog
d:\projects\cpp\imjtool\imjtool\release\imjtool.tlog\cl.read.1.tlog
d:\projects\cpp\imjtool\imjtool\release\imjtool.tlog\cl.write.1.tlog
d:\projects\cpp\imjtool\imjtool\release\imjtool.tlog\imjtool.write.1u.tlog
d:\projects\cpp\imjtool\imjtool\release\imjtool.tlog\link.command.1.tlog
d:\projects\cpp\imjtool\imjtool\release\imjtool.tlog\link.read.1.tlog
d:\projects\cpp\imjtool\imjtool\release\imjtool.tlog\link.write.1.tlog
d:\projects\cpp\imjtool\imjtool\release\imjtool.tlog\rc.command.1.tlog
d:\projects\cpp\imjtool\imjtool\release\imjtool.tlog\rc.read.1.tlog
d:\projects\cpp\imjtool\imjtool\release\imjtool.tlog\rc.write.1.tlog
